Using pre-set license
Built from '2021.1/staging' branch; Version is '2021.1.3f1 (4bef613afd59) revision 4976481'; Using compiler version '192528614'; Build Type 'Release'
OS: 'Windows 10 Home; OS build 19042.928; Version 2009; 64bit' Language: 'da' Physical Memory: 16049 MB
BatchMode: 1, IsHumanControllingUs: 0, StartBugReporterOnCrash: 0, Is64bit: 1, IsPro: 0

 COMMAND LINE ARGUMENTS:
C:\Program Files\Unity\Hub\Editor\2021.1.3f1\Editor\Unity.exe
-adb2
-batchMode
-noUpm
-name
AssetImportWorker0
-projectPath
C:/Users/jespe/Desktop/Alle filer/HTX/Programmering/Unity/DTO-app-tek-eksamen/DTO don't throw out
-logFile
Logs/AssetImportWorker0.log
-srvPort
59997
Successfully changed project path to: C:/Users/jespe/Desktop/Alle filer/HTX/Programmering/Unity/DTO-app-tek-eksamen/DTO don't throw out
C:/Users/jespe/Desktop/Alle filer/HTX/Programmering/Unity/DTO-app-tek-eksamen/DTO don't throw out
Using Asset Import Pipeline V2.
Refreshing native plugins compatible for Editor in 89.65 ms, found 1 plugins.
Preloading 0 native plugins for Editor in 0.00 ms.
Initialize engine version: 2021.1.3f1 (4bef613afd59)
[Subsystems] Discovering subsystems at path C:/Program Files/Unity/Hub/Editor/2021.1.3f1/Editor/Data/Resources/UnitySubsystems
[Subsystems] Discovering subsystems at path C:/Users/jespe/Desktop/Alle filer/HTX/Programmering/Unity/DTO-app-tek-eksamen/DTO don't throw out/Assets
GfxDevice: creating device client; threaded=0; jobified=0
Direct3D:
    Version:  Direct3D 11.0 [level 11.1]
    Renderer: Intel(R) Iris(R) Plus Graphics (ID=0x8a52)
    Vendor:   Intel
    VRAM:     8024 MB
    Driver:   27.20.100.9268
Initialize mono
Mono path[0] = 'C:/Program Files/Unity/Hub/Editor/2021.1.3f1/Editor/Data/Managed'
Mono path[1] = 'C:/Program Files/Unity/Hub/Editor/2021.1.3f1/Editor/Data/MonoBleedingEdge/lib/mono/unityjit'
Mono config path = 'C:/Program Files/Unity/Hub/Editor/2021.1.3f1/Editor/Data/MonoBleedingEdge/etc'
Using monoOptions --debugger-agent=transport=dt_socket,embedding=1,server=y,suspend=n,address=127.0.0.1:56620
Begin MonoManager ReloadAssembly
Registering precompiled unity dll's ...
Register platform support module: C:/Program Files/Unity/Hub/Editor/2021.1.3f1/Editor/Data/PlaybackEngines/WindowsStandaloneSupport/UnityEditor.WindowsStandalone.Extensions.dll
Registered in 0.002610 seconds.
Native extension for WindowsStandalone target not found
Refreshing native plugins compatible for Editor in 74.44 ms, found 1 plugins.
Preloading 0 native plugins for Editor in 0.00 ms.
Mono: successfully reloaded assembly
- Completed reload, in  2.672 seconds
Platform modules already initialized, skipping
Registering precompiled user dll's ...
Registered in 0.001558 seconds.
Begin MonoManager ReloadAssembly
Native extension for WindowsStandalone target not found
Refreshing native plugins compatible for Editor in 114.26 ms, found 1 plugins.
Preloading 0 native plugins for Editor in 0.00 ms.
Mono: successfully reloaded assembly
- Completed reload, in  2.033 seconds
Platform modules already initialized, skipping
========================================================================
Worker process is ready to serve import requests
Launched and connected shader compiler UnityShaderCompiler.exe after 0.09 seconds
Refreshing native plugins compatible for Editor in 0.51 ms, found 1 plugins.
Preloading 0 native plugins for Editor in 0.00 ms.
Unloading 1837 Unused Serialized files (Serialized files now loaded: 0)
System memory in use before: 87.8 MB.
System memory in use after: 87.9 MB.

Unloading 19 unused Assets to reduce memory usage. Loaded Objects now: 2299.
Total: 3.679300 ms (FindLiveObjects: 0.270300 ms CreateObjectMapping: 0.194800 ms MarkObjects: 3.109100 ms  DeleteObjects: 0.102100 ms)

========================================================================
Received Import Request.
  path: Assets/shopSiteControler.cs
  artifactKey: Guid(e52f4a74b047a3949965f409de651613) Importer(815301076,1909f56bfc062723c751e8b465ee728b)
Start importing Assets/shopSiteControler.cs using Guid(e52f4a74b047a3949965f409de651613) Importer(815301076,1909f56bfc062723c751e8b465ee728b)  -> (artifact id: '6a120b16d618d30d44bc22cc9ca2bb97') in 0.039782 seconds 
========================================================================
Received Import Request.
  Time since last request: 32.501104 seconds.
  path: Assets/feedControler.cs
  artifactKey: Guid(1668169465a580a4ca39761d4e4c79d6) Importer(815301076,1909f56bfc062723c751e8b465ee728b)
Start importing Assets/feedControler.cs using Guid(1668169465a580a4ca39761d4e4c79d6) Importer(815301076,1909f56bfc062723c751e8b465ee728b)  -> (artifact id: '45cc5ae7665165ff0f1da359e0688d3f') in 0.015486 seconds 
========================================================================
Received Import Request.
  Time since last request: 171.013942 seconds.
  path: Assets/feedControler.cs
  artifactKey: Guid(1668169465a580a4ca39761d4e4c79d6) Importer(815301076,1909f56bfc062723c751e8b465ee728b)
Start importing Assets/feedControler.cs using Guid(1668169465a580a4ca39761d4e4c79d6) Importer(815301076,1909f56bfc062723c751e8b465ee728b)  -> (artifact id: 'c899b3c9071f6a70cde2ecdd72780231') in 0.004224 seconds 
