Using pre-set license
Built from '2020.2/staging' branch; Version is '2020.2.6f1 (8a2143876886) revision 9052483'; Using compiler version '192528614'; Build Type 'Release'
OS: 'Windows 10 Home; OS build 19041.928; Version 2004; 64bit' Language: 'da' Physical Memory: 16234 MB
BatchMode: 1, IsHumanControllingUs: 0, StartBugReporterOnCrash: 0, Is64bit: 1, IsPro: 0

 COMMAND LINE ARGUMENTS:
C:\Program Files\Unity\Hub\Editor\2020.2.6f1\Editor\Unity.exe
-adb2
-batchMode
-noUpm
-name
AssetImportWorker0
-projectPath
C:/Users/Asger M. Piihl/Desktop/UNITY PROJEKTER/DTO don't throw out
-logFile
Logs/AssetImportWorker0.log
-srvPort
55681
Successfully changed project path to: C:/Users/Asger M. Piihl/Desktop/UNITY PROJEKTER/DTO don't throw out
C:/Users/Asger M. Piihl/Desktop/UNITY PROJEKTER/DTO don't throw out
Using Asset Import Pipeline V2.
Refreshing native plugins compatible for Editor in 96.88 ms, found 1 plugins.
Preloading 0 native plugins for Editor in 0.00 ms.
Initialize engine version: 2020.2.6f1 (8a2143876886)
[Subsystems] Discovering subsystems at path C:/Program Files/Unity/Hub/Editor/2020.2.6f1/Editor/Data/Resources/UnitySubsystems
[Subsystems] Discovering subsystems at path C:/Users/Asger M. Piihl/Desktop/UNITY PROJEKTER/DTO don't throw out/Assets
GfxDevice: creating device client; threaded=0
Direct3D:
    Version:  Direct3D 11.0 [level 11.1]
    Renderer: Intel(R) UHD Graphics 620 (ID=0x3ea0)
    Vendor:   
    VRAM:     8117 MB
    Driver:   25.20.100.6519
Initialize mono
Mono path[0] = 'C:/Program Files/Unity/Hub/Editor/2020.2.6f1/Editor/Data/Managed'
Mono path[1] = 'C:/Program Files/Unity/Hub/Editor/2020.2.6f1/Editor/Data/MonoBleedingEdge/lib/mono/unityjit'
Mono config path = 'C:/Program Files/Unity/Hub/Editor/2020.2.6f1/Editor/Data/MonoBleedingEdge/etc'
Using monoOptions --debugger-agent=transport=dt_socket,embedding=1,server=y,suspend=n,address=127.0.0.1:56244
Begin MonoManager ReloadAssembly
Registering precompiled unity dll's ...
Register platform support module: C:/Program Files/Unity/Hub/Editor/2020.2.6f1/Editor/Data/PlaybackEngines/WebGLSupport/UnityEditor.WebGL.Extensions.dll
Register platform support module: C:/Program Files/Unity/Hub/Editor/2020.2.6f1/Editor/Data/PlaybackEngines/WindowsStandaloneSupport/UnityEditor.WindowsStandalone.Extensions.dll
Registered in 0.006589 seconds.
Native extension for WindowsStandalone target not found
Native extension for WebGL target not found
Refreshing native plugins compatible for Editor in 119.57 ms, found 1 plugins.
Preloading 0 native plugins for Editor in 0.00 ms.
Invoked RoslynAnalysisRunner static constructor.
RoslynAnalysisRunner will not be running.
RoslynAnalysisRunner has terminated.
Mono: successfully reloaded assembly
- Completed reload, in  5.826 seconds
Platform modules already initialized, skipping
Registering precompiled user dll's ...
Registered in 0.002268 seconds.
Begin MonoManager ReloadAssembly
Native extension for WindowsStandalone target not found
Native extension for WebGL target not found
Refreshing native plugins compatible for Editor in 104.52 ms, found 1 plugins.
Preloading 0 native plugins for Editor in 0.00 ms.
Invoked RoslynAnalysisRunner static constructor.
RoslynAnalysisRunner will not be running.
RoslynAnalysisRunner has terminated.
Mono: successfully reloaded assembly
- Completed reload, in  2.440 seconds
Platform modules already initialized, skipping
========================================================================
Worker process is ready to serve import requests
Launched and connected shader compiler UnityShaderCompiler.exe after 0.11 seconds
Refreshing native plugins compatible for Editor in 0.44 ms, found 1 plugins.
Preloading 0 native plugins for Editor in 0.00 ms.
Unloading 1801 Unused Serialized files (Serialized files now loaded: 0)
System memory in use before: 84.5 MB.
System memory in use after: 84.4 MB.

Unloading 24 unused Assets to reduce memory usage. Loaded Objects now: 2242.
Total: 3.497500 ms (FindLiveObjects: 0.456200 ms CreateObjectMapping: 0.156200 ms MarkObjects: 2.710500 ms  DeleteObjects: 0.172200 ms)

========================================================================
Received Import Request.
  path: Assets/2qn14ss9urt7whrb_900_473_q95.jpg
  artifactKey: Guid(fd2cde30e6e2e78499bb7db82274056e) Importer(815301076,1909f56bfc062723c751e8b465ee728b)
Start importing Assets/2qn14ss9urt7whrb_900_473_q95.jpg using Guid(fd2cde30e6e2e78499bb7db82274056e) Importer(815301076,1909f56bfc062723c751e8b465ee728b)  -> (artifact id: '6addcf4934a3b72c36c7225b83b75927') in 0.220570 seconds
  Import took 0.228208 seconds .

========================================================================
Received Import Request.
  Time since last request: 874.299335 seconds.
  path: Assets/Scenes/main.unity
  artifactKey: Guid(a78c169c7a4be414a8113a9d34c01c77) Importer(815301076,1909f56bfc062723c751e8b465ee728b)
Start importing Assets/Scenes/main.unity using Guid(a78c169c7a4be414a8113a9d34c01c77) Importer(815301076,1909f56bfc062723c751e8b465ee728b)  -> (artifact id: 'b136937d53565a5746afba0b10444278') in 0.006045 seconds
  Import took 0.012071 seconds .

========================================================================
Received Import Request.
  Time since last request: 1.529979 seconds.
  path: Assets/Scenes/start.unity
  artifactKey: Guid(ba75d11e68dd19442a8d2d69ad3b9db8) Importer(815301076,1909f56bfc062723c751e8b465ee728b)
Start importing Assets/Scenes/start.unity using Guid(ba75d11e68dd19442a8d2d69ad3b9db8) Importer(815301076,1909f56bfc062723c751e8b465ee728b)  -> (artifact id: '87558323401a03e3dad16e425f7ec2b7') in 0.022430 seconds
  Import took 0.040463 seconds .

========================================================================
Received Prepare
Registering precompiled user dll's ...
Registered in 0.001413 seconds.
Begin MonoManager ReloadAssembly
Native extension for WindowsStandalone target not found
Native extension for WebGL target not found
Refreshing native plugins compatible for Editor in 0.72 ms, found 1 plugins.
Preloading 0 native plugins for Editor in 0.00 ms.
Invoked RoslynAnalysisRunner static constructor.
RoslynAnalysisRunner will not be running.
RoslynAnalysisRunner has terminated.
Mono: successfully reloaded assembly
- Completed reload, in  2.351 seconds
Platform modules already initialized, skipping
Switching build target platform(5) subTarget(0) extendedPlatform(0) -> platform(13) subTarget(537395200) extendedPlatform(0)
Refreshing native plugins compatible for Editor in 0.71 ms, found 1 plugins.
Preloading 0 native plugins for Editor in 0.00 ms.
Unloading 1799 Unused Serialized files (Serialized files now loaded: 0)
System memory in use before: 87.6 MB.
System memory in use after: 87.5 MB.

Unloading 12 unused Assets to reduce memory usage. Loaded Objects now: 2251.
Total: 5.490500 ms (FindLiveObjects: 0.571900 ms CreateObjectMapping: 0.170800 ms MarkObjects: 4.524500 ms  DeleteObjects: 0.220000 ms)

AssetImportParameters requested are different than current active one (requested -> active):
  custom:graphics/normal-map-encoding: 01000000000000000000000000000000 -> 02000000000000000000000000000000
AssetImportWorkerClient::OnTransportError - code=2 error=End of file
